<?xml version="1.0" encoding="UTF-8"?>
<testsuite xmlns:xsi="http://www.w3.org/2001/XMLSchema-instance" xsi:noNamespaceSchemaLocation="https://maven.apache.org/surefire/maven-surefire-plugin/xsd/surefire-test-report.xsd" name="com.restkeeper.shop.AzureBlobTest" time="0.88" tests="1" errors="0" skipped="0" failures="0">
  <properties>
    <property name="gopherProxySet" value="false"/>
    <property name="awt.toolkit" value="sun.lwawt.macosx.LWCToolkit"/>
    <property name="file.encoding.pkg" value="sun.io"/>
    <property name="java.specification.version" value="1.8"/>
    <property name="sun.cpu.isalist" value=""/>
    <property name="sun.jnu.encoding" value="UTF-8"/>
    <property name="java.class.path" value="/Users/taoting/Documents/itheima/Restkeeper/restkeeper_service/restkeeper_shop/target/test-classes:/Users/taoting/Documents/itheima/Restkeeper/restkeeper_service/restkeeper_shop/target/classes:/Users/taoting/Documents/itheima/Restkeeper/restkeeper_service/restkeeper_shop_api/target/restkeeper_shop_api-1.0-SNAPSHOT.jar:/Users/taoting/Documents/itheima/Restkeeper/restkeeper_service/restkeeper_service_common/target/restkeeper_service_common-1.0-SNAPSHOT.jar:/Users/taoting/Documents/itheima/Restkeeper/restkeeper_common/target/restkeeper_common-1.0-SNAPSHOT.jar:/Users/taoting/.m2/repository/io/jsonwebtoken/jjwt/0.9.0/jjwt-0.9.0.jar:/Users/taoting/.m2/repository/com/belerweb/pinyin4j/2.5.1/pinyin4j-2.5.1.jar:/Users/taoting/.m2/repository/com/baomidou/mybatis-plus-boot-starter/3.3.0/mybatis-plus-boot-starter-3.3.0.jar:/Users/taoting/.m2/repository/com/baomidou/mybatis-plus/3.3.0/mybatis-plus-3.3.0.jar:/Users/taoting/.m2/repository/com/baomidou/mybatis-plus-extension/3.3.0/mybatis-plus-extension-3.3.0.jar:/Users/taoting/.m2/repository/com/baomidou/mybatis-plus-core/3.3.0/mybatis-plus-core-3.3.0.jar:/Users/taoting/.m2/repository/com/baomidou/mybatis-plus-annotation/3.3.0/mybatis-plus-annotation-3.3.0.jar:/Users/taoting/.m2/repository/com/github/jsqlparser/jsqlparser/3.1/jsqlparser-3.1.jar:/Users/taoting/.m2/repository/org/mybatis/mybatis/3.5.3/mybatis-3.5.3.jar:/Users/taoting/.m2/repository/org/mybatis/mybatis-spring/2.0.3/mybatis-spring-2.0.3.jar:/Users/taoting/.m2/repository/org/springframework/boot/spring-boot-starter-jdbc/2.1.6.RELEASE/spring-boot-starter-jdbc-2.1.6.RELEASE.jar:/Users/taoting/.m2/repository/com/zaxxer/HikariCP/3.2.0/HikariCP-3.2.0.jar:/Users/taoting/.m2/repository/org/springframework/spring-jdbc/5.1.8.RELEASE/spring-jdbc-5.1.8.RELEASE.jar:/Users/taoting/.m2/repository/mysql/mysql-connector-java/8.0.16/mysql-connector-java-8.0.16.jar:/Users/taoting/.m2/repository/com/alibaba/cloud/spring-cloud-starter-dubbo/2.1.0.RELEASE/spring-cloud-starter-dubbo-2.1.0.RELEASE.jar:/Users/taoting/.m2/repository/com/alibaba/cloud/spring-cloud-alibaba-dubbo/2.1.0.RELEASE/spring-cloud-alibaba-dubbo-2.1.0.RELEASE.jar:/Users/taoting/.m2/repository/org/springframework/cloud/spring-cloud-openfeign-core/2.1.2.RELEASE/spring-cloud-openfeign-core-2.1.2.RELEASE.jar:/Users/taoting/.m2/repository/org/springframework/boot/spring-boot-starter-aop/2.1.6.RELEASE/spring-boot-starter-aop-2.1.6.RELEASE.jar:/Users/taoting/.m2/repository/org/aspectj/aspectjweaver/1.9.4/aspectjweaver-1.9.4.jar:/Users/taoting/.m2/repository/io/github/openfeign/form/feign-form-spring/3.8.0/feign-form-spring-3.8.0.jar:/Users/taoting/.m2/repository/io/github/openfeign/form/feign-form/3.8.0/feign-form-3.8.0.jar:/Users/taoting/.m2/repository/org/springframework/spring-web/5.1.8.RELEASE/spring-web-5.1.8.RELEASE.jar:/Users/taoting/.m2/repository/commons-fileupload/commons-fileupload/1.4/commons-fileupload-1.4.jar:/Users/taoting/.m2/repository/org/apache/dubbo/dubbo/2.7.3/dubbo-2.7.3.jar:/Users/taoting/.m2/repository/com/google/code/gson/gson/2.8.5/gson-2.8.5.jar:/Users/taoting/.m2/repository/org/apache/dubbo/dubbo-spring-boot-starter/2.7.1/dubbo-spring-boot-starter-2.7.1.jar:/Users/taoting/.m2/repository/org/apache/dubbo/dubbo-spring-boot-autoconfigure/2.7.1/dubbo-spring-boot-autoconfigure-2.7.1.jar:/Users/taoting/.m2/repository/org/apache/dubbo/dubbo-spring-boot-autoconfigure-compatible/2.7.1/dubbo-spring-boot-autoconfigure-compatible-2.7.1.jar:/Users/taoting/.m2/repository/io/github/openfeign/feign-jaxrs2/9.7.0/feign-jaxrs2-9.7.0.jar:/Users/taoting/.m2/repository/io/github/openfeign/feign-core/10.2.3/feign-core-10.2.3.jar:/Users/taoting/.m2/repository/io/github/openfeign/feign-jaxrs/10.2.3/feign-jaxrs-10.2.3.jar:/Users/taoting/.m2/repository/org/javassist/javassist/3.22.0-GA/javassist-3.22.0-GA.jar:/Users/taoting/.m2/repository/de/javakaffee/kryo-serializers/0.45/kryo-serializers-0.45.jar:/Users/taoting/.m2/repository/com/esotericsoftware/kryo/4.0.2/kryo-4.0.2.jar:/Users/taoting/.m2/repository/com/esotericsoftware/reflectasm/1.11.3/reflectasm-1.11.3.jar:/Users/taoting/.m2/repository/org/ow2/asm/asm/5.0.4/asm-5.0.4.jar:/Users/taoting/.m2/repository/com/esotericsoftware/minlog/1.3.0/minlog-1.3.0.jar:/Users/taoting/.m2/repository/org/springframework/boot/spring-boot-starter-amqp/2.1.6.RELEASE/spring-boot-starter-amqp-2.1.6.RELEASE.jar:/Users/taoting/.m2/repository/org/springframework/boot/spring-boot-starter/2.1.6.RELEASE/spring-boot-starter-2.1.6.RELEASE.jar:/Users/taoting/.m2/repository/org/springframework/boot/spring-boot/2.1.6.RELEASE/spring-boot-2.1.6.RELEASE.jar:/Users/taoting/.m2/repository/org/springframework/boot/spring-boot-autoconfigure/2.1.6.RELEASE/spring-boot-autoconfigure-2.1.6.RELEASE.jar:/Users/taoting/.m2/repository/org/springframework/boot/spring-boot-starter-logging/2.1.6.RELEASE/spring-boot-starter-logging-2.1.6.RELEASE.jar:/Users/taoting/.m2/repository/ch/qos/logback/logback-classic/1.2.3/logback-classic-1.2.3.jar:/Users/taoting/.m2/repository/ch/qos/logback/logback-core/1.2.3/logback-core-1.2.3.jar:/Users/taoting/.m2/repository/org/apache/logging/log4j/log4j-to-slf4j/2.11.2/log4j-to-slf4j-2.11.2.jar:/Users/taoting/.m2/repository/org/apache/logging/log4j/log4j-api/2.11.2/log4j-api-2.11.2.jar:/Users/taoting/.m2/repository/org/slf4j/jul-to-slf4j/1.7.26/jul-to-slf4j-1.7.26.jar:/Users/taoting/.m2/repository/javax/annotation/javax.annotation-api/1.3.2/javax.annotation-api-1.3.2.jar:/Users/taoting/.m2/repository/org/yaml/snakeyaml/1.23/snakeyaml-1.23.jar:/Users/taoting/.m2/repository/org/springframework/spring-messaging/5.1.8.RELEASE/spring-messaging-5.1.8.RELEASE.jar:/Users/taoting/.m2/repository/org/springframework/spring-beans/5.1.8.RELEASE/spring-beans-5.1.8.RELEASE.jar:/Users/taoting/.m2/repository/org/springframework/amqp/spring-rabbit/2.1.7.RELEASE/spring-rabbit-2.1.7.RELEASE.jar:/Users/taoting/.m2/repository/org/springframework/amqp/spring-amqp/2.1.7.RELEASE/spring-amqp-2.1.7.RELEASE.jar:/Users/taoting/.m2/repository/org/springframework/retry/spring-retry/1.2.4.RELEASE/spring-retry-1.2.4.RELEASE.jar:/Users/taoting/.m2/repository/com/rabbitmq/amqp-client/5.4.3/amqp-client-5.4.3.jar:/Users/taoting/.m2/repository/org/springframework/spring-context/5.1.8.RELEASE/spring-context-5.1.8.RELEASE.jar:/Users/taoting/.m2/repository/org/springframework/spring-expression/5.1.8.RELEASE/spring-expression-5.1.8.RELEASE.jar:/Users/taoting/.m2/repository/org/springframework/spring-tx/5.1.8.RELEASE/spring-tx-5.1.8.RELEASE.jar:/Users/taoting/.m2/repository/io/netty/netty-all/4.1.110.Final/netty-all-4.1.110.Final.jar:/Users/taoting/.m2/repository/io/netty/netty-buffer/4.1.110.Final/netty-buffer-4.1.110.Final.jar:/Users/taoting/.m2/repository/io/netty/netty-codec/4.1.110.Final/netty-codec-4.1.110.Final.jar:/Users/taoting/.m2/repository/io/netty/netty-codec-dns/4.1.110.Final/netty-codec-dns-4.1.110.Final.jar:/Users/taoting/.m2/repository/io/netty/netty-codec-haproxy/4.1.110.Final/netty-codec-haproxy-4.1.110.Final.jar:/Users/taoting/.m2/repository/io/netty/netty-codec-http/4.1.110.Final/netty-codec-http-4.1.110.Final.jar:/Users/taoting/.m2/repository/io/netty/netty-codec-http2/4.1.110.Final/netty-codec-http2-4.1.110.Final.jar:/Users/taoting/.m2/repository/io/netty/netty-codec-memcache/4.1.110.Final/netty-codec-memcache-4.1.110.Final.jar:/Users/taoting/.m2/repository/io/netty/netty-codec-mqtt/4.1.110.Final/netty-codec-mqtt-4.1.110.Final.jar:/Users/taoting/.m2/repository/io/netty/netty-codec-redis/4.1.110.Final/netty-codec-redis-4.1.110.Final.jar:/Users/taoting/.m2/repository/io/netty/netty-codec-smtp/4.1.110.Final/netty-codec-smtp-4.1.110.Final.jar:/Users/taoting/.m2/repository/io/netty/netty-codec-socks/4.1.110.Final/netty-codec-socks-4.1.110.Final.jar:/Users/taoting/.m2/repository/io/netty/netty-codec-stomp/4.1.110.Final/netty-codec-stomp-4.1.110.Final.jar:/Users/taoting/.m2/repository/io/netty/netty-codec-xml/4.1.110.Final/netty-codec-xml-4.1.110.Final.jar:/Users/taoting/.m2/repository/io/netty/netty-common/4.1.110.Final/netty-common-4.1.110.Final.jar:/Users/taoting/.m2/repository/io/netty/netty-handler/4.1.110.Final/netty-handler-4.1.110.Final.jar:/Users/taoting/.m2/repository/io/netty/netty-transport-native-unix-common/4.1.110.Final/netty-transport-native-unix-common-4.1.110.Final.jar:/Users/taoting/.m2/repository/io/netty/netty-handler-proxy/4.1.110.Final/netty-handler-proxy-4.1.110.Final.jar:/Users/taoting/.m2/repository/io/netty/netty-handler-ssl-ocsp/4.1.110.Final/netty-handler-ssl-ocsp-4.1.110.Final.jar:/Users/taoting/.m2/repository/io/netty/netty-resolver/4.1.110.Final/netty-resolver-4.1.110.Final.jar:/Users/taoting/.m2/repository/io/netty/netty-resolver-dns/4.1.110.Final/netty-resolver-dns-4.1.110.Final.jar:/Users/taoting/.m2/repository/io/netty/netty-transport/4.1.110.Final/netty-transport-4.1.110.Final.jar:/Users/taoting/.m2/repository/io/netty/netty-transport-rxtx/4.1.110.Final/netty-transport-rxtx-4.1.110.Final.jar:/Users/taoting/.m2/repository/io/netty/netty-transport-sctp/4.1.110.Final/netty-transport-sctp-4.1.110.Final.jar:/Users/taoting/.m2/repository/io/netty/netty-transport-udt/4.1.110.Final/netty-transport-udt-4.1.110.Final.jar:/Users/taoting/.m2/repository/io/netty/netty-transport-classes-epoll/4.1.110.Final/netty-transport-classes-epoll-4.1.110.Final.jar:/Users/taoting/.m2/repository/io/netty/netty-transport-classes-kqueue/4.1.110.Final/netty-transport-classes-kqueue-4.1.110.Final.jar:/Users/taoting/.m2/repository/io/netty/netty-resolver-dns-classes-macos/4.1.110.Final/netty-resolver-dns-classes-macos-4.1.110.Final.jar:/Users/taoting/.m2/repository/io/netty/netty-transport-native-epoll/4.1.110.Final/netty-transport-native-epoll-4.1.110.Final-linux-x86_64.jar:/Users/taoting/.m2/repository/io/netty/netty-transport-native-epoll/4.1.110.Final/netty-transport-native-epoll-4.1.110.Final-linux-aarch_64.jar:/Users/taoting/.m2/repository/io/netty/netty-transport-native-epoll/4.1.110.Final/netty-transport-native-epoll-4.1.110.Final-linux-riscv64.jar:/Users/taoting/.m2/repository/io/netty/netty-transport-native-kqueue/4.1.110.Final/netty-transport-native-kqueue-4.1.110.Final-osx-x86_64.jar:/Users/taoting/.m2/repository/io/netty/netty-transport-native-kqueue/4.1.110.Final/netty-transport-native-kqueue-4.1.110.Final-osx-aarch_64.jar:/Users/taoting/.m2/repository/io/netty/netty-resolver-dns-native-macos/4.1.110.Final/netty-resolver-dns-native-macos-4.1.110.Final-osx-x86_64.jar:/Users/taoting/.m2/repository/io/netty/netty-resolver-dns-native-macos/4.1.110.Final/netty-resolver-dns-native-macos-4.1.110.Final-osx-aarch_64.jar:/Users/taoting/.m2/repository/com/alibaba/cloud/spring-cloud-starter-alibaba-nacos-discovery/2.1.0.RELEASE/spring-cloud-starter-alibaba-nacos-discovery-2.1.0.RELEASE.jar:/Users/taoting/.m2/repository/com/alibaba/cloud/spring-cloud-alibaba-nacos-discovery/2.1.0.RELEASE/spring-cloud-alibaba-nacos-discovery-2.1.0.RELEASE.jar:/Users/taoting/.m2/repository/com/alibaba/nacos/nacos-client/1.1.1/nacos-client-1.1.1.jar:/Users/taoting/.m2/repository/com/alibaba/nacos/nacos-common/1.1.1/nacos-common-1.1.1.jar:/Users/taoting/.m2/repository/commons-io/commons-io/2.2/commons-io-2.2.jar:/Users/taoting/.m2/repository/org/apache/commons/commons-lang3/3.8.1/commons-lang3-3.8.1.jar:/Users/taoting/.m2/repository/com/alibaba/nacos/nacos-api/1.1.1/nacos-api-1.1.1.jar:/Users/taoting/.m2/repository/com/alibaba/fastjson/1.2.47/fastjson-1.2.47.jar:/Users/taoting/.m2/repository/commons-codec/commons-codec/1.11/commons-codec-1.11.jar:/Users/taoting/.m2/repository/io/prometheus/simpleclient/0.5.0/simpleclient-0.5.0.jar:/Users/taoting/.m2/repository/org/springframework/cloud/spring-cloud-commons/2.1.2.RELEASE/spring-cloud-commons-2.1.2.RELEASE.jar:/Users/taoting/.m2/repository/org/springframework/security/spring-security-crypto/5.1.5.RELEASE/spring-security-crypto-5.1.5.RELEASE.jar:/Users/taoting/.m2/repository/org/springframework/cloud/spring-cloud-context/2.1.2.RELEASE/spring-cloud-context-2.1.2.RELEASE.jar:/Users/taoting/.m2/repository/org/springframework/cloud/spring-cloud-starter-netflix-ribbon/2.1.2.RELEASE/spring-cloud-starter-netflix-ribbon-2.1.2.RELEASE.jar:/Users/taoting/.m2/repository/org/springframework/cloud/spring-cloud-starter/2.1.2.RELEASE/spring-cloud-starter-2.1.2.RELEASE.jar:/Users/taoting/.m2/repository/org/springframework/security/spring-security-rsa/1.0.7.RELEASE/spring-security-rsa-1.0.7.RELEASE.jar:/Users/taoting/.m2/repository/org/bouncycastle/bcpkix-jdk15on/1.60/bcpkix-jdk15on-1.60.jar:/Users/taoting/.m2/repository/org/bouncycastle/bcprov-jdk15on/1.60/bcprov-jdk15on-1.60.jar:/Users/taoting/.m2/repository/org/springframework/cloud/spring-cloud-netflix-ribbon/2.1.2.RELEASE/spring-cloud-netflix-ribbon-2.1.2.RELEASE.jar:/Users/taoting/.m2/repository/org/springframework/cloud/spring-cloud-netflix-archaius/2.1.2.RELEASE/spring-cloud-netflix-archaius-2.1.2.RELEASE.jar:/Users/taoting/.m2/repository/org/springframework/cloud/spring-cloud-starter-netflix-archaius/2.1.2.RELEASE/spring-cloud-starter-netflix-archaius-2.1.2.RELEASE.jar:/Users/taoting/.m2/repository/com/netflix/archaius/archaius-core/0.7.6/archaius-core-0.7.6.jar:/Users/taoting/.m2/repository/com/google/code/findbugs/jsr305/3.0.1/jsr305-3.0.1.jar:/Users/taoting/.m2/repository/commons-configuration/commons-configuration/1.8/commons-configuration-1.8.jar:/Users/taoting/.m2/repository/com/netflix/ribbon/ribbon/2.3.0/ribbon-2.3.0.jar:/Users/taoting/.m2/repository/com/netflix/ribbon/ribbon-transport/2.3.0/ribbon-transport-2.3.0.jar:/Users/taoting/.m2/repository/io/reactivex/rxnetty-contexts/0.4.9/rxnetty-contexts-0.4.9.jar:/Users/taoting/.m2/repository/io/reactivex/rxnetty-servo/0.4.9/rxnetty-servo-0.4.9.jar:/Users/taoting/.m2/repository/com/netflix/hystrix/hystrix-core/1.5.18/hystrix-core-1.5.18.jar:/Users/taoting/.m2/repository/javax/inject/javax.inject/1/javax.inject-1.jar:/Users/taoting/.m2/repository/io/reactivex/rxnetty/0.4.9/rxnetty-0.4.9.jar:/Users/taoting/.m2/repository/com/netflix/ribbon/ribbon-core/2.3.0/ribbon-core-2.3.0.jar:/Users/taoting/.m2/repository/commons-lang/commons-lang/2.6/commons-lang-2.6.jar:/Users/taoting/.m2/repository/com/netflix/ribbon/ribbon-httpclient/2.3.0/ribbon-httpclient-2.3.0.jar:/Users/taoting/.m2/repository/commons-collections/commons-collections/3.2.2/commons-collections-3.2.2.jar:/Users/taoting/.m2/repository/org/apache/httpcomponents/httpclient/4.5.9/httpclient-4.5.9.jar:/Users/taoting/.m2/repository/org/apache/httpcomponents/httpcore/4.4.11/httpcore-4.4.11.jar:/Users/taoting/.m2/repository/com/sun/jersey/jersey-client/1.19.1/jersey-client-1.19.1.jar:/Users/taoting/.m2/repository/com/sun/jersey/jersey-core/1.19.1/jersey-core-1.19.1.jar:/Users/taoting/.m2/repository/javax/ws/rs/jsr311-api/1.1.1/jsr311-api-1.1.1.jar:/Users/taoting/.m2/repository/com/sun/jersey/contribs/jersey-apache-client4/1.19.1/jersey-apache-client4-1.19.1.jar:/Users/taoting/.m2/repository/com/netflix/servo/servo-core/0.12.21/servo-core-0.12.21.jar:/Users/taoting/.m2/repository/com/netflix/netflix-commons/netflix-commons-util/0.3.0/netflix-commons-util-0.3.0.jar:/Users/taoting/.m2/repository/com/netflix/ribbon/ribbon-loadbalancer/2.3.0/ribbon-loadbalancer-2.3.0.jar:/Users/taoting/.m2/repository/com/netflix/netflix-commons/netflix-statistics/0.1.1/netflix-statistics-0.1.1.jar:/Users/taoting/.m2/repository/io/reactivex/rxjava/1.3.8/rxjava-1.3.8.jar:/Users/taoting/.m2/repository/org/springframework/boot/spring-boot-starter-actuator/2.1.6.RELEASE/spring-boot-starter-actuator-2.1.6.RELEASE.jar:/Users/taoting/.m2/repository/org/springframework/boot/spring-boot-actuator-autoconfigure/2.1.6.RELEASE/spring-boot-actuator-autoconfigure-2.1.6.RELEASE.jar:/Users/taoting/.m2/repository/org/springframework/boot/spring-boot-actuator/2.1.6.RELEASE/spring-boot-actuator-2.1.6.RELEASE.jar:/Users/taoting/.m2/repository/com/fasterxml/jackson/datatype/jackson-datatype-jsr310/2.9.9/jackson-datatype-jsr310-2.9.9.jar:/Users/taoting/.m2/repository/io/micrometer/micrometer-core/1.1.5/micrometer-core-1.1.5.jar:/Users/taoting/.m2/repository/org/hdrhistogram/HdrHistogram/2.1.9/HdrHistogram-2.1.9.jar:/Users/taoting/.m2/repository/org/latencyutils/LatencyUtils/2.0.3/LatencyUtils-2.0.3.jar:/Users/taoting/.m2/repository/com/alibaba/cloud/spring-cloud-starter-alibaba-nacos-config/2.1.0.RELEASE/spring-cloud-starter-alibaba-nacos-config-2.1.0.RELEASE.jar:/Users/taoting/.m2/repository/com/alibaba/cloud/spring-cloud-alibaba-nacos-config/2.1.0.RELEASE/spring-cloud-alibaba-nacos-config-2.1.0.RELEASE.jar:/Users/taoting/.m2/repository/org/springframework/boot/spring-boot-starter-test/2.1.6.RELEASE/spring-boot-starter-test-2.1.6.RELEASE.jar:/Users/taoting/.m2/repository/org/springframework/boot/spring-boot-test/2.1.6.RELEASE/spring-boot-test-2.1.6.RELEASE.jar:/Users/taoting/.m2/repository/org/springframework/boot/spring-boot-test-autoconfigure/2.1.6.RELEASE/spring-boot-test-autoconfigure-2.1.6.RELEASE.jar:/Users/taoting/.m2/repository/com/jayway/jsonpath/json-path/2.4.0/json-path-2.4.0.jar:/Users/taoting/.m2/repository/net/minidev/json-smart/2.3/json-smart-2.3.jar:/Users/taoting/.m2/repository/net/minidev/accessors-smart/1.2/accessors-smart-1.2.jar:/Users/taoting/.m2/repository/junit/junit/4.12/junit-4.12.jar:/Users/taoting/.m2/repository/org/assertj/assertj-core/3.11.1/assertj-core-3.11.1.jar:/Users/taoting/.m2/repository/org/mockito/mockito-core/2.23.4/mockito-core-2.23.4.jar:/Users/taoting/.m2/repository/net/bytebuddy/byte-buddy/1.9.13/byte-buddy-1.9.13.jar:/Users/taoting/.m2/repository/net/bytebuddy/byte-buddy-agent/1.9.13/byte-buddy-agent-1.9.13.jar:/Users/taoting/.m2/repository/org/objenesis/objenesis/2.6/objenesis-2.6.jar:/Users/taoting/.m2/repository/org/hamcrest/hamcrest-core/1.3/hamcrest-core-1.3.jar:/Users/taoting/.m2/repository/org/hamcrest/hamcrest-library/1.3/hamcrest-library-1.3.jar:/Users/taoting/.m2/repository/org/skyscreamer/jsonassert/1.5.0/jsonassert-1.5.0.jar:/Users/taoting/.m2/repository/com/vaadin/external/google/android-json/0.0.20131108.vaadin1/android-json-0.0.20131108.vaadin1.jar:/Users/taoting/.m2/repository/org/springframework/spring-core/5.1.8.RELEASE/spring-core-5.1.8.RELEASE.jar:/Users/taoting/.m2/repository/org/springframework/spring-jcl/5.1.8.RELEASE/spring-jcl-5.1.8.RELEASE.jar:/Users/taoting/.m2/repository/org/springframework/spring-test/5.1.8.RELEASE/spring-test-5.1.8.RELEASE.jar:/Users/taoting/.m2/repository/org/xmlunit/xmlunit-core/2.6.2/xmlunit-core-2.6.2.jar:/Users/taoting/.m2/repository/org/projectlombok/lombok/1.18.10/lombok-1.18.10.jar:/Users/taoting/.m2/repository/io/springfox/springfox-swagger2/2.4.0/springfox-swagger2-2.4.0.jar:/Users/taoting/.m2/repository/io/swagger/swagger-annotations/1.5.6/swagger-annotations-1.5.6.jar:/Users/taoting/.m2/repository/io/swagger/swagger-models/1.5.6/swagger-models-1.5.6.jar:/Users/taoting/.m2/repository/io/springfox/springfox-spi/2.4.0/springfox-spi-2.4.0.jar:/Users/taoting/.m2/repository/io/springfox/springfox-core/2.4.0/springfox-core-2.4.0.jar:/Users/taoting/.m2/repository/io/springfox/springfox-schema/2.4.0/springfox-schema-2.4.0.jar:/Users/taoting/.m2/repository/io/springfox/springfox-swagger-common/2.4.0/springfox-swagger-common-2.4.0.jar:/Users/taoting/.m2/repository/io/springfox/springfox-spring-web/2.4.0/springfox-spring-web-2.4.0.jar:/Users/taoting/.m2/repository/com/google/guava/guava/18.0/guava-18.0.jar:/Users/taoting/.m2/repository/com/fasterxml/classmate/1.4.0/classmate-1.4.0.jar:/Users/taoting/.m2/repository/org/slf4j/slf4j-api/1.7.26/slf4j-api-1.7.26.jar:/Users/taoting/.m2/repository/org/springframework/plugin/spring-plugin-core/1.2.0.RELEASE/spring-plugin-core-1.2.0.RELEASE.jar:/Users/taoting/.m2/repository/org/springframework/spring-aop/5.1.8.RELEASE/spring-aop-5.1.8.RELEASE.jar:/Users/taoting/.m2/repository/org/springframework/plugin/spring-plugin-metadata/1.2.0.RELEASE/spring-plugin-metadata-1.2.0.RELEASE.jar:/Users/taoting/.m2/repository/io/springfox/springfox-swagger-ui/2.4.0/springfox-swagger-ui-2.4.0.jar:/Users/taoting/.m2/repository/com/azure/azure-storage-blob/12.23.0/azure-storage-blob-12.23.0.jar:/Users/taoting/.m2/repository/com/azure/azure-core/1.41.0/azure-core-1.41.0.jar:/Users/taoting/.m2/repository/com/azure/azure-json/1.0.1/azure-json-1.0.1.jar:/Users/taoting/.m2/repository/io/projectreactor/reactor-core/3.6.10/reactor-core-3.6.10.jar:/Users/taoting/.m2/repository/org/reactivestreams/reactive-streams/1.0.2/reactive-streams-1.0.2.jar:/Users/taoting/.m2/repository/com/azure/azure-core-http-netty/1.13.5/azure-core-http-netty-1.13.5.jar:/Users/taoting/.m2/repository/io/netty/netty-tcnative-boringssl-static/2.0.25.Final/netty-tcnative-boringssl-static-2.0.25.Final.jar:/Users/taoting/.m2/repository/io/projectreactor/netty/reactor-netty-http/1.1.23/reactor-netty-http-1.1.23.jar:/Users/taoting/.m2/repository/io/projectreactor/netty/reactor-netty-core/1.1.23/reactor-netty-core-1.1.23.jar:/Users/taoting/.m2/repository/com/azure/azure-storage-common/12.22.0/azure-storage-common-12.22.0.jar:/Users/taoting/.m2/repository/com/azure/azure-storage-internal-avro/12.8.0/azure-storage-internal-avro-12.8.0.jar:/Users/taoting/.m2/repository/com/fasterxml/jackson/dataformat/jackson-dataformat-xml/2.12.5/jackson-dataformat-xml-2.12.5.jar:/Users/taoting/.m2/repository/com/fasterxml/jackson/core/jackson-core/2.12.5/jackson-core-2.12.5.jar:/Users/taoting/.m2/repository/com/fasterxml/jackson/core/jackson-annotations/2.12.5/jackson-annotations-2.12.5.jar:/Users/taoting/.m2/repository/com/fasterxml/jackson/core/jackson-databind/2.12.5/jackson-databind-2.12.5.jar:/Users/taoting/.m2/repository/com/fasterxml/jackson/module/jackson-module-jaxb-annotations/2.9.9/jackson-module-jaxb-annotations-2.9.9.jar:/Users/taoting/.m2/repository/org/codehaus/woodstox/stax2-api/4.2.1/stax2-api-4.2.1.jar:/Users/taoting/.m2/repository/com/fasterxml/woodstox/woodstox-core/5.0.3/woodstox-core-5.0.3.jar:"/>
    <property name="java.vm.vendor" value="Amazon.com Inc."/>
    <property name="sun.arch.data.model" value="64"/>
    <property name="java.vendor.url" value="https://aws.amazon.com/corretto/"/>
    <property name="user.timezone" value=""/>
    <property name="java.vm.specification.version" value="1.8"/>
    <property name="os.name" value="Mac OS X"/>
    <property name="user.country" value="CN"/>
    <property name="sun.java.launcher" value="SUN_STANDARD"/>
    <property name="sun.boot.library.path" value="/Users/taoting/Library/Java/JavaVirtualMachines/corretto-1.8.0_422/Contents/Home/jre/lib"/>
    <property name="sun.java.command" value="/Users/taoting/Documents/itheima/Restkeeper/restkeeper_service/restkeeper_shop/target/surefire/surefirebooter8392901344576221879.jar /Users/taoting/Documents/itheima/Restkeeper/restkeeper_service/restkeeper_shop/target/surefire 2024-10-27T17-13-18_512-jvmRun1 surefire5335179134647952120tmp surefire_06871509220445473173tmp"/>
    <property name="surefire.test.class.path" value="/Users/taoting/Documents/itheima/Restkeeper/restkeeper_service/restkeeper_shop/target/test-classes:/Users/taoting/Documents/itheima/Restkeeper/restkeeper_service/restkeeper_shop/target/classes:/Users/taoting/Documents/itheima/Restkeeper/restkeeper_service/restkeeper_shop_api/target/restkeeper_shop_api-1.0-SNAPSHOT.jar:/Users/taoting/Documents/itheima/Restkeeper/restkeeper_service/restkeeper_service_common/target/restkeeper_service_common-1.0-SNAPSHOT.jar:/Users/taoting/Documents/itheima/Restkeeper/restkeeper_common/target/restkeeper_common-1.0-SNAPSHOT.jar:/Users/taoting/.m2/repository/io/jsonwebtoken/jjwt/0.9.0/jjwt-0.9.0.jar:/Users/taoting/.m2/repository/com/belerweb/pinyin4j/2.5.1/pinyin4j-2.5.1.jar:/Users/taoting/.m2/repository/com/baomidou/mybatis-plus-boot-starter/3.3.0/mybatis-plus-boot-starter-3.3.0.jar:/Users/taoting/.m2/repository/com/baomidou/mybatis-plus/3.3.0/mybatis-plus-3.3.0.jar:/Users/taoting/.m2/repository/com/baomidou/mybatis-plus-extension/3.3.0/mybatis-plus-extension-3.3.0.jar:/Users/taoting/.m2/repository/com/baomidou/mybatis-plus-core/3.3.0/mybatis-plus-core-3.3.0.jar:/Users/taoting/.m2/repository/com/baomidou/mybatis-plus-annotation/3.3.0/mybatis-plus-annotation-3.3.0.jar:/Users/taoting/.m2/repository/com/github/jsqlparser/jsqlparser/3.1/jsqlparser-3.1.jar:/Users/taoting/.m2/repository/org/mybatis/mybatis/3.5.3/mybatis-3.5.3.jar:/Users/taoting/.m2/repository/org/mybatis/mybatis-spring/2.0.3/mybatis-spring-2.0.3.jar:/Users/taoting/.m2/repository/org/springframework/boot/spring-boot-starter-jdbc/2.1.6.RELEASE/spring-boot-starter-jdbc-2.1.6.RELEASE.jar:/Users/taoting/.m2/repository/com/zaxxer/HikariCP/3.2.0/HikariCP-3.2.0.jar:/Users/taoting/.m2/repository/org/springframework/spring-jdbc/5.1.8.RELEASE/spring-jdbc-5.1.8.RELEASE.jar:/Users/taoting/.m2/repository/mysql/mysql-connector-java/8.0.16/mysql-connector-java-8.0.16.jar:/Users/taoting/.m2/repository/com/alibaba/cloud/spring-cloud-starter-dubbo/2.1.0.RELEASE/spring-cloud-starter-dubbo-2.1.0.RELEASE.jar:/Users/taoting/.m2/repository/com/alibaba/cloud/spring-cloud-alibaba-dubbo/2.1.0.RELEASE/spring-cloud-alibaba-dubbo-2.1.0.RELEASE.jar:/Users/taoting/.m2/repository/org/springframework/cloud/spring-cloud-openfeign-core/2.1.2.RELEASE/spring-cloud-openfeign-core-2.1.2.RELEASE.jar:/Users/taoting/.m2/repository/org/springframework/boot/spring-boot-starter-aop/2.1.6.RELEASE/spring-boot-starter-aop-2.1.6.RELEASE.jar:/Users/taoting/.m2/repository/org/aspectj/aspectjweaver/1.9.4/aspectjweaver-1.9.4.jar:/Users/taoting/.m2/repository/io/github/openfeign/form/feign-form-spring/3.8.0/feign-form-spring-3.8.0.jar:/Users/taoting/.m2/repository/io/github/openfeign/form/feign-form/3.8.0/feign-form-3.8.0.jar:/Users/taoting/.m2/repository/org/springframework/spring-web/5.1.8.RELEASE/spring-web-5.1.8.RELEASE.jar:/Users/taoting/.m2/repository/commons-fileupload/commons-fileupload/1.4/commons-fileupload-1.4.jar:/Users/taoting/.m2/repository/org/apache/dubbo/dubbo/2.7.3/dubbo-2.7.3.jar:/Users/taoting/.m2/repository/com/google/code/gson/gson/2.8.5/gson-2.8.5.jar:/Users/taoting/.m2/repository/org/apache/dubbo/dubbo-spring-boot-starter/2.7.1/dubbo-spring-boot-starter-2.7.1.jar:/Users/taoting/.m2/repository/org/apache/dubbo/dubbo-spring-boot-autoconfigure/2.7.1/dubbo-spring-boot-autoconfigure-2.7.1.jar:/Users/taoting/.m2/repository/org/apache/dubbo/dubbo-spring-boot-autoconfigure-compatible/2.7.1/dubbo-spring-boot-autoconfigure-compatible-2.7.1.jar:/Users/taoting/.m2/repository/io/github/openfeign/feign-jaxrs2/9.7.0/feign-jaxrs2-9.7.0.jar:/Users/taoting/.m2/repository/io/github/openfeign/feign-core/10.2.3/feign-core-10.2.3.jar:/Users/taoting/.m2/repository/io/github/openfeign/feign-jaxrs/10.2.3/feign-jaxrs-10.2.3.jar:/Users/taoting/.m2/repository/org/javassist/javassist/3.22.0-GA/javassist-3.22.0-GA.jar:/Users/taoting/.m2/repository/de/javakaffee/kryo-serializers/0.45/kryo-serializers-0.45.jar:/Users/taoting/.m2/repository/com/esotericsoftware/kryo/4.0.2/kryo-4.0.2.jar:/Users/taoting/.m2/repository/com/esotericsoftware/reflectasm/1.11.3/reflectasm-1.11.3.jar:/Users/taoting/.m2/repository/org/ow2/asm/asm/5.0.4/asm-5.0.4.jar:/Users/taoting/.m2/repository/com/esotericsoftware/minlog/1.3.0/minlog-1.3.0.jar:/Users/taoting/.m2/repository/org/springframework/boot/spring-boot-starter-amqp/2.1.6.RELEASE/spring-boot-starter-amqp-2.1.6.RELEASE.jar:/Users/taoting/.m2/repository/org/springframework/boot/spring-boot-starter/2.1.6.RELEASE/spring-boot-starter-2.1.6.RELEASE.jar:/Users/taoting/.m2/repository/org/springframework/boot/spring-boot/2.1.6.RELEASE/spring-boot-2.1.6.RELEASE.jar:/Users/taoting/.m2/repository/org/springframework/boot/spring-boot-autoconfigure/2.1.6.RELEASE/spring-boot-autoconfigure-2.1.6.RELEASE.jar:/Users/taoting/.m2/repository/org/springframework/boot/spring-boot-starter-logging/2.1.6.RELEASE/spring-boot-starter-logging-2.1.6.RELEASE.jar:/Users/taoting/.m2/repository/ch/qos/logback/logback-classic/1.2.3/logback-classic-1.2.3.jar:/Users/taoting/.m2/repository/ch/qos/logback/logback-core/1.2.3/logback-core-1.2.3.jar:/Users/taoting/.m2/repository/org/apache/logging/log4j/log4j-to-slf4j/2.11.2/log4j-to-slf4j-2.11.2.jar:/Users/taoting/.m2/repository/org/apache/logging/log4j/log4j-api/2.11.2/log4j-api-2.11.2.jar:/Users/taoting/.m2/repository/org/slf4j/jul-to-slf4j/1.7.26/jul-to-slf4j-1.7.26.jar:/Users/taoting/.m2/repository/javax/annotation/javax.annotation-api/1.3.2/javax.annotation-api-1.3.2.jar:/Users/taoting/.m2/repository/org/yaml/snakeyaml/1.23/snakeyaml-1.23.jar:/Users/taoting/.m2/repository/org/springframework/spring-messaging/5.1.8.RELEASE/spring-messaging-5.1.8.RELEASE.jar:/Users/taoting/.m2/repository/org/springframework/spring-beans/5.1.8.RELEASE/spring-beans-5.1.8.RELEASE.jar:/Users/taoting/.m2/repository/org/springframework/amqp/spring-rabbit/2.1.7.RELEASE/spring-rabbit-2.1.7.RELEASE.jar:/Users/taoting/.m2/repository/org/springframework/amqp/spring-amqp/2.1.7.RELEASE/spring-amqp-2.1.7.RELEASE.jar:/Users/taoting/.m2/repository/org/springframework/retry/spring-retry/1.2.4.RELEASE/spring-retry-1.2.4.RELEASE.jar:/Users/taoting/.m2/repository/com/rabbitmq/amqp-client/5.4.3/amqp-client-5.4.3.jar:/Users/taoting/.m2/repository/org/springframework/spring-context/5.1.8.RELEASE/spring-context-5.1.8.RELEASE.jar:/Users/taoting/.m2/repository/org/springframework/spring-expression/5.1.8.RELEASE/spring-expression-5.1.8.RELEASE.jar:/Users/taoting/.m2/repository/org/springframework/spring-tx/5.1.8.RELEASE/spring-tx-5.1.8.RELEASE.jar:/Users/taoting/.m2/repository/io/netty/netty-all/4.1.110.Final/netty-all-4.1.110.Final.jar:/Users/taoting/.m2/repository/io/netty/netty-buffer/4.1.110.Final/netty-buffer-4.1.110.Final.jar:/Users/taoting/.m2/repository/io/netty/netty-codec/4.1.110.Final/netty-codec-4.1.110.Final.jar:/Users/taoting/.m2/repository/io/netty/netty-codec-dns/4.1.110.Final/netty-codec-dns-4.1.110.Final.jar:/Users/taoting/.m2/repository/io/netty/netty-codec-haproxy/4.1.110.Final/netty-codec-haproxy-4.1.110.Final.jar:/Users/taoting/.m2/repository/io/netty/netty-codec-http/4.1.110.Final/netty-codec-http-4.1.110.Final.jar:/Users/taoting/.m2/repository/io/netty/netty-codec-http2/4.1.110.Final/netty-codec-http2-4.1.110.Final.jar:/Users/taoting/.m2/repository/io/netty/netty-codec-memcache/4.1.110.Final/netty-codec-memcache-4.1.110.Final.jar:/Users/taoting/.m2/repository/io/netty/netty-codec-mqtt/4.1.110.Final/netty-codec-mqtt-4.1.110.Final.jar:/Users/taoting/.m2/repository/io/netty/netty-codec-redis/4.1.110.Final/netty-codec-redis-4.1.110.Final.jar:/Users/taoting/.m2/repository/io/netty/netty-codec-smtp/4.1.110.Final/netty-codec-smtp-4.1.110.Final.jar:/Users/taoting/.m2/repository/io/netty/netty-codec-socks/4.1.110.Final/netty-codec-socks-4.1.110.Final.jar:/Users/taoting/.m2/repository/io/netty/netty-codec-stomp/4.1.110.Final/netty-codec-stomp-4.1.110.Final.jar:/Users/taoting/.m2/repository/io/netty/netty-codec-xml/4.1.110.Final/netty-codec-xml-4.1.110.Final.jar:/Users/taoting/.m2/repository/io/netty/netty-common/4.1.110.Final/netty-common-4.1.110.Final.jar:/Users/taoting/.m2/repository/io/netty/netty-handler/4.1.110.Final/netty-handler-4.1.110.Final.jar:/Users/taoting/.m2/repository/io/netty/netty-transport-native-unix-common/4.1.110.Final/netty-transport-native-unix-common-4.1.110.Final.jar:/Users/taoting/.m2/repository/io/netty/netty-handler-proxy/4.1.110.Final/netty-handler-proxy-4.1.110.Final.jar:/Users/taoting/.m2/repository/io/netty/netty-handler-ssl-ocsp/4.1.110.Final/netty-handler-ssl-ocsp-4.1.110.Final.jar:/Users/taoting/.m2/repository/io/netty/netty-resolver/4.1.110.Final/netty-resolver-4.1.110.Final.jar:/Users/taoting/.m2/repository/io/netty/netty-resolver-dns/4.1.110.Final/netty-resolver-dns-4.1.110.Final.jar:/Users/taoting/.m2/repository/io/netty/netty-transport/4.1.110.Final/netty-transport-4.1.110.Final.jar:/Users/taoting/.m2/repository/io/netty/netty-transport-rxtx/4.1.110.Final/netty-transport-rxtx-4.1.110.Final.jar:/Users/taoting/.m2/repository/io/netty/netty-transport-sctp/4.1.110.Final/netty-transport-sctp-4.1.110.Final.jar:/Users/taoting/.m2/repository/io/netty/netty-transport-udt/4.1.110.Final/netty-transport-udt-4.1.110.Final.jar:/Users/taoting/.m2/repository/io/netty/netty-transport-classes-epoll/4.1.110.Final/netty-transport-classes-epoll-4.1.110.Final.jar:/Users/taoting/.m2/repository/io/netty/netty-transport-classes-kqueue/4.1.110.Final/netty-transport-classes-kqueue-4.1.110.Final.jar:/Users/taoting/.m2/repository/io/netty/netty-resolver-dns-classes-macos/4.1.110.Final/netty-resolver-dns-classes-macos-4.1.110.Final.jar:/Users/taoting/.m2/repository/io/netty/netty-transport-native-epoll/4.1.110.Final/netty-transport-native-epoll-4.1.110.Final-linux-x86_64.jar:/Users/taoting/.m2/repository/io/netty/netty-transport-native-epoll/4.1.110.Final/netty-transport-native-epoll-4.1.110.Final-linux-aarch_64.jar:/Users/taoting/.m2/repository/io/netty/netty-transport-native-epoll/4.1.110.Final/netty-transport-native-epoll-4.1.110.Final-linux-riscv64.jar:/Users/taoting/.m2/repository/io/netty/netty-transport-native-kqueue/4.1.110.Final/netty-transport-native-kqueue-4.1.110.Final-osx-x86_64.jar:/Users/taoting/.m2/repository/io/netty/netty-transport-native-kqueue/4.1.110.Final/netty-transport-native-kqueue-4.1.110.Final-osx-aarch_64.jar:/Users/taoting/.m2/repository/io/netty/netty-resolver-dns-native-macos/4.1.110.Final/netty-resolver-dns-native-macos-4.1.110.Final-osx-x86_64.jar:/Users/taoting/.m2/repository/io/netty/netty-resolver-dns-native-macos/4.1.110.Final/netty-resolver-dns-native-macos-4.1.110.Final-osx-aarch_64.jar:/Users/taoting/.m2/repository/com/alibaba/cloud/spring-cloud-starter-alibaba-nacos-discovery/2.1.0.RELEASE/spring-cloud-starter-alibaba-nacos-discovery-2.1.0.RELEASE.jar:/Users/taoting/.m2/repository/com/alibaba/cloud/spring-cloud-alibaba-nacos-discovery/2.1.0.RELEASE/spring-cloud-alibaba-nacos-discovery-2.1.0.RELEASE.jar:/Users/taoting/.m2/repository/com/alibaba/nacos/nacos-client/1.1.1/nacos-client-1.1.1.jar:/Users/taoting/.m2/repository/com/alibaba/nacos/nacos-common/1.1.1/nacos-common-1.1.1.jar:/Users/taoting/.m2/repository/commons-io/commons-io/2.2/commons-io-2.2.jar:/Users/taoting/.m2/repository/org/apache/commons/commons-lang3/3.8.1/commons-lang3-3.8.1.jar:/Users/taoting/.m2/repository/com/alibaba/nacos/nacos-api/1.1.1/nacos-api-1.1.1.jar:/Users/taoting/.m2/repository/com/alibaba/fastjson/1.2.47/fastjson-1.2.47.jar:/Users/taoting/.m2/repository/commons-codec/commons-codec/1.11/commons-codec-1.11.jar:/Users/taoting/.m2/repository/io/prometheus/simpleclient/0.5.0/simpleclient-0.5.0.jar:/Users/taoting/.m2/repository/org/springframework/cloud/spring-cloud-commons/2.1.2.RELEASE/spring-cloud-commons-2.1.2.RELEASE.jar:/Users/taoting/.m2/repository/org/springframework/security/spring-security-crypto/5.1.5.RELEASE/spring-security-crypto-5.1.5.RELEASE.jar:/Users/taoting/.m2/repository/org/springframework/cloud/spring-cloud-context/2.1.2.RELEASE/spring-cloud-context-2.1.2.RELEASE.jar:/Users/taoting/.m2/repository/org/springframework/cloud/spring-cloud-starter-netflix-ribbon/2.1.2.RELEASE/spring-cloud-starter-netflix-ribbon-2.1.2.RELEASE.jar:/Users/taoting/.m2/repository/org/springframework/cloud/spring-cloud-starter/2.1.2.RELEASE/spring-cloud-starter-2.1.2.RELEASE.jar:/Users/taoting/.m2/repository/org/springframework/security/spring-security-rsa/1.0.7.RELEASE/spring-security-rsa-1.0.7.RELEASE.jar:/Users/taoting/.m2/repository/org/bouncycastle/bcpkix-jdk15on/1.60/bcpkix-jdk15on-1.60.jar:/Users/taoting/.m2/repository/org/bouncycastle/bcprov-jdk15on/1.60/bcprov-jdk15on-1.60.jar:/Users/taoting/.m2/repository/org/springframework/cloud/spring-cloud-netflix-ribbon/2.1.2.RELEASE/spring-cloud-netflix-ribbon-2.1.2.RELEASE.jar:/Users/taoting/.m2/repository/org/springframework/cloud/spring-cloud-netflix-archaius/2.1.2.RELEASE/spring-cloud-netflix-archaius-2.1.2.RELEASE.jar:/Users/taoting/.m2/repository/org/springframework/cloud/spring-cloud-starter-netflix-archaius/2.1.2.RELEASE/spring-cloud-starter-netflix-archaius-2.1.2.RELEASE.jar:/Users/taoting/.m2/repository/com/netflix/archaius/archaius-core/0.7.6/archaius-core-0.7.6.jar:/Users/taoting/.m2/repository/com/google/code/findbugs/jsr305/3.0.1/jsr305-3.0.1.jar:/Users/taoting/.m2/repository/commons-configuration/commons-configuration/1.8/commons-configuration-1.8.jar:/Users/taoting/.m2/repository/com/netflix/ribbon/ribbon/2.3.0/ribbon-2.3.0.jar:/Users/taoting/.m2/repository/com/netflix/ribbon/ribbon-transport/2.3.0/ribbon-transport-2.3.0.jar:/Users/taoting/.m2/repository/io/reactivex/rxnetty-contexts/0.4.9/rxnetty-contexts-0.4.9.jar:/Users/taoting/.m2/repository/io/reactivex/rxnetty-servo/0.4.9/rxnetty-servo-0.4.9.jar:/Users/taoting/.m2/repository/com/netflix/hystrix/hystrix-core/1.5.18/hystrix-core-1.5.18.jar:/Users/taoting/.m2/repository/javax/inject/javax.inject/1/javax.inject-1.jar:/Users/taoting/.m2/repository/io/reactivex/rxnetty/0.4.9/rxnetty-0.4.9.jar:/Users/taoting/.m2/repository/com/netflix/ribbon/ribbon-core/2.3.0/ribbon-core-2.3.0.jar:/Users/taoting/.m2/repository/commons-lang/commons-lang/2.6/commons-lang-2.6.jar:/Users/taoting/.m2/repository/com/netflix/ribbon/ribbon-httpclient/2.3.0/ribbon-httpclient-2.3.0.jar:/Users/taoting/.m2/repository/commons-collections/commons-collections/3.2.2/commons-collections-3.2.2.jar:/Users/taoting/.m2/repository/org/apache/httpcomponents/httpclient/4.5.9/httpclient-4.5.9.jar:/Users/taoting/.m2/repository/org/apache/httpcomponents/httpcore/4.4.11/httpcore-4.4.11.jar:/Users/taoting/.m2/repository/com/sun/jersey/jersey-client/1.19.1/jersey-client-1.19.1.jar:/Users/taoting/.m2/repository/com/sun/jersey/jersey-core/1.19.1/jersey-core-1.19.1.jar:/Users/taoting/.m2/repository/javax/ws/rs/jsr311-api/1.1.1/jsr311-api-1.1.1.jar:/Users/taoting/.m2/repository/com/sun/jersey/contribs/jersey-apache-client4/1.19.1/jersey-apache-client4-1.19.1.jar:/Users/taoting/.m2/repository/com/netflix/servo/servo-core/0.12.21/servo-core-0.12.21.jar:/Users/taoting/.m2/repository/com/netflix/netflix-commons/netflix-commons-util/0.3.0/netflix-commons-util-0.3.0.jar:/Users/taoting/.m2/repository/com/netflix/ribbon/ribbon-loadbalancer/2.3.0/ribbon-loadbalancer-2.3.0.jar:/Users/taoting/.m2/repository/com/netflix/netflix-commons/netflix-statistics/0.1.1/netflix-statistics-0.1.1.jar:/Users/taoting/.m2/repository/io/reactivex/rxjava/1.3.8/rxjava-1.3.8.jar:/Users/taoting/.m2/repository/org/springframework/boot/spring-boot-starter-actuator/2.1.6.RELEASE/spring-boot-starter-actuator-2.1.6.RELEASE.jar:/Users/taoting/.m2/repository/org/springframework/boot/spring-boot-actuator-autoconfigure/2.1.6.RELEASE/spring-boot-actuator-autoconfigure-2.1.6.RELEASE.jar:/Users/taoting/.m2/repository/org/springframework/boot/spring-boot-actuator/2.1.6.RELEASE/spring-boot-actuator-2.1.6.RELEASE.jar:/Users/taoting/.m2/repository/com/fasterxml/jackson/datatype/jackson-datatype-jsr310/2.9.9/jackson-datatype-jsr310-2.9.9.jar:/Users/taoting/.m2/repository/io/micrometer/micrometer-core/1.1.5/micrometer-core-1.1.5.jar:/Users/taoting/.m2/repository/org/hdrhistogram/HdrHistogram/2.1.9/HdrHistogram-2.1.9.jar:/Users/taoting/.m2/repository/org/latencyutils/LatencyUtils/2.0.3/LatencyUtils-2.0.3.jar:/Users/taoting/.m2/repository/com/alibaba/cloud/spring-cloud-starter-alibaba-nacos-config/2.1.0.RELEASE/spring-cloud-starter-alibaba-nacos-config-2.1.0.RELEASE.jar:/Users/taoting/.m2/repository/com/alibaba/cloud/spring-cloud-alibaba-nacos-config/2.1.0.RELEASE/spring-cloud-alibaba-nacos-config-2.1.0.RELEASE.jar:/Users/taoting/.m2/repository/org/springframework/boot/spring-boot-starter-test/2.1.6.RELEASE/spring-boot-starter-test-2.1.6.RELEASE.jar:/Users/taoting/.m2/repository/org/springframework/boot/spring-boot-test/2.1.6.RELEASE/spring-boot-test-2.1.6.RELEASE.jar:/Users/taoting/.m2/repository/org/springframework/boot/spring-boot-test-autoconfigure/2.1.6.RELEASE/spring-boot-test-autoconfigure-2.1.6.RELEASE.jar:/Users/taoting/.m2/repository/com/jayway/jsonpath/json-path/2.4.0/json-path-2.4.0.jar:/Users/taoting/.m2/repository/net/minidev/json-smart/2.3/json-smart-2.3.jar:/Users/taoting/.m2/repository/net/minidev/accessors-smart/1.2/accessors-smart-1.2.jar:/Users/taoting/.m2/repository/junit/junit/4.12/junit-4.12.jar:/Users/taoting/.m2/repository/org/assertj/assertj-core/3.11.1/assertj-core-3.11.1.jar:/Users/taoting/.m2/repository/org/mockito/mockito-core/2.23.4/mockito-core-2.23.4.jar:/Users/taoting/.m2/repository/net/bytebuddy/byte-buddy/1.9.13/byte-buddy-1.9.13.jar:/Users/taoting/.m2/repository/net/bytebuddy/byte-buddy-agent/1.9.13/byte-buddy-agent-1.9.13.jar:/Users/taoting/.m2/repository/org/objenesis/objenesis/2.6/objenesis-2.6.jar:/Users/taoting/.m2/repository/org/hamcrest/hamcrest-core/1.3/hamcrest-core-1.3.jar:/Users/taoting/.m2/repository/org/hamcrest/hamcrest-library/1.3/hamcrest-library-1.3.jar:/Users/taoting/.m2/repository/org/skyscreamer/jsonassert/1.5.0/jsonassert-1.5.0.jar:/Users/taoting/.m2/repository/com/vaadin/external/google/android-json/0.0.20131108.vaadin1/android-json-0.0.20131108.vaadin1.jar:/Users/taoting/.m2/repository/org/springframework/spring-core/5.1.8.RELEASE/spring-core-5.1.8.RELEASE.jar:/Users/taoting/.m2/repository/org/springframework/spring-jcl/5.1.8.RELEASE/spring-jcl-5.1.8.RELEASE.jar:/Users/taoting/.m2/repository/org/springframework/spring-test/5.1.8.RELEASE/spring-test-5.1.8.RELEASE.jar:/Users/taoting/.m2/repository/org/xmlunit/xmlunit-core/2.6.2/xmlunit-core-2.6.2.jar:/Users/taoting/.m2/repository/org/projectlombok/lombok/1.18.10/lombok-1.18.10.jar:/Users/taoting/.m2/repository/io/springfox/springfox-swagger2/2.4.0/springfox-swagger2-2.4.0.jar:/Users/taoting/.m2/repository/io/swagger/swagger-annotations/1.5.6/swagger-annotations-1.5.6.jar:/Users/taoting/.m2/repository/io/swagger/swagger-models/1.5.6/swagger-models-1.5.6.jar:/Users/taoting/.m2/repository/io/springfox/springfox-spi/2.4.0/springfox-spi-2.4.0.jar:/Users/taoting/.m2/repository/io/springfox/springfox-core/2.4.0/springfox-core-2.4.0.jar:/Users/taoting/.m2/repository/io/springfox/springfox-schema/2.4.0/springfox-schema-2.4.0.jar:/Users/taoting/.m2/repository/io/springfox/springfox-swagger-common/2.4.0/springfox-swagger-common-2.4.0.jar:/Users/taoting/.m2/repository/io/springfox/springfox-spring-web/2.4.0/springfox-spring-web-2.4.0.jar:/Users/taoting/.m2/repository/com/google/guava/guava/18.0/guava-18.0.jar:/Users/taoting/.m2/repository/com/fasterxml/classmate/1.4.0/classmate-1.4.0.jar:/Users/taoting/.m2/repository/org/slf4j/slf4j-api/1.7.26/slf4j-api-1.7.26.jar:/Users/taoting/.m2/repository/org/springframework/plugin/spring-plugin-core/1.2.0.RELEASE/spring-plugin-core-1.2.0.RELEASE.jar:/Users/taoting/.m2/repository/org/springframework/spring-aop/5.1.8.RELEASE/spring-aop-5.1.8.RELEASE.jar:/Users/taoting/.m2/repository/org/springframework/plugin/spring-plugin-metadata/1.2.0.RELEASE/spring-plugin-metadata-1.2.0.RELEASE.jar:/Users/taoting/.m2/repository/io/springfox/springfox-swagger-ui/2.4.0/springfox-swagger-ui-2.4.0.jar:/Users/taoting/.m2/repository/com/azure/azure-storage-blob/12.23.0/azure-storage-blob-12.23.0.jar:/Users/taoting/.m2/repository/com/azure/azure-core/1.41.0/azure-core-1.41.0.jar:/Users/taoting/.m2/repository/com/azure/azure-json/1.0.1/azure-json-1.0.1.jar:/Users/taoting/.m2/repository/io/projectreactor/reactor-core/3.6.10/reactor-core-3.6.10.jar:/Users/taoting/.m2/repository/org/reactivestreams/reactive-streams/1.0.2/reactive-streams-1.0.2.jar:/Users/taoting/.m2/repository/com/azure/azure-core-http-netty/1.13.5/azure-core-http-netty-1.13.5.jar:/Users/taoting/.m2/repository/io/netty/netty-tcnative-boringssl-static/2.0.25.Final/netty-tcnative-boringssl-static-2.0.25.Final.jar:/Users/taoting/.m2/repository/io/projectreactor/netty/reactor-netty-http/1.1.23/reactor-netty-http-1.1.23.jar:/Users/taoting/.m2/repository/io/projectreactor/netty/reactor-netty-core/1.1.23/reactor-netty-core-1.1.23.jar:/Users/taoting/.m2/repository/com/azure/azure-storage-common/12.22.0/azure-storage-common-12.22.0.jar:/Users/taoting/.m2/repository/com/azure/azure-storage-internal-avro/12.8.0/azure-storage-internal-avro-12.8.0.jar:/Users/taoting/.m2/repository/com/fasterxml/jackson/dataformat/jackson-dataformat-xml/2.12.5/jackson-dataformat-xml-2.12.5.jar:/Users/taoting/.m2/repository/com/fasterxml/jackson/core/jackson-core/2.12.5/jackson-core-2.12.5.jar:/Users/taoting/.m2/repository/com/fasterxml/jackson/core/jackson-annotations/2.12.5/jackson-annotations-2.12.5.jar:/Users/taoting/.m2/repository/com/fasterxml/jackson/core/jackson-databind/2.12.5/jackson-databind-2.12.5.jar:/Users/taoting/.m2/repository/com/fasterxml/jackson/module/jackson-module-jaxb-annotations/2.9.9/jackson-module-jaxb-annotations-2.9.9.jar:/Users/taoting/.m2/repository/org/codehaus/woodstox/stax2-api/4.2.1/stax2-api-4.2.1.jar:/Users/taoting/.m2/repository/com/fasterxml/woodstox/woodstox-core/5.0.3/woodstox-core-5.0.3.jar:"/>
    <property name="sun.cpu.endian" value="little"/>
    <property name="user.home" value="/Users/taoting"/>
    <property name="user.language" value="zh"/>
    <property name="java.specification.vendor" value="Oracle Corporation"/>
    <property name="java.home" value="/Users/taoting/Library/Java/JavaVirtualMachines/corretto-1.8.0_422/Contents/Home/jre"/>
    <property name="basedir" value="/Users/taoting/Documents/itheima/Restkeeper/restkeeper_service/restkeeper_shop"/>
    <property name="file.separator" value="/"/>
    <property name="line.separator" value="&#10;"/>
    <property name="java.vm.specification.vendor" value="Oracle Corporation"/>
    <property name="java.specification.name" value="Java Platform API Specification"/>
    <property name="java.awt.graphicsenv" value="sun.awt.CGraphicsEnvironment"/>
    <property name="surefire.real.class.path" value="/Users/taoting/Documents/itheima/Restkeeper/restkeeper_service/restkeeper_shop/target/surefire/surefirebooter8392901344576221879.jar"/>
    <property name="sun.boot.class.path" value="/Users/taoting/Library/Java/JavaVirtualMachines/corretto-1.8.0_422/Contents/Home/jre/lib/resources.jar:/Users/taoting/Library/Java/JavaVirtualMachines/corretto-1.8.0_422/Contents/Home/jre/lib/rt.jar:/Users/taoting/Library/Java/JavaVirtualMachines/corretto-1.8.0_422/Contents/Home/jre/lib/sunrsasign.jar:/Users/taoting/Library/Java/JavaVirtualMachines/corretto-1.8.0_422/Contents/Home/jre/lib/jsse.jar:/Users/taoting/Library/Java/JavaVirtualMachines/corretto-1.8.0_422/Contents/Home/jre/lib/jce.jar:/Users/taoting/Library/Java/JavaVirtualMachines/corretto-1.8.0_422/Contents/Home/jre/lib/charsets.jar:/Users/taoting/Library/Java/JavaVirtualMachines/corretto-1.8.0_422/Contents/Home/jre/lib/jfr.jar:/Users/taoting/Library/Java/JavaVirtualMachines/corretto-1.8.0_422/Contents/Home/jre/classes"/>
    <property name="sun.management.compiler" value="HotSpot 64-Bit Tiered Compilers"/>
    <property name="java.runtime.version" value="1.8.0_422-b05"/>
    <property name="user.name" value="taoting"/>
    <property name="path.separator" value=":"/>
    <property name="os.version" value="14.6.1"/>
    <property name="java.endorsed.dirs" value="/Users/taoting/Library/Java/JavaVirtualMachines/corretto-1.8.0_422/Contents/Home/jre/lib/endorsed"/>
    <property name="java.runtime.name" value="OpenJDK Runtime Environment"/>
    <property name="file.encoding" value="UTF-8"/>
    <property name="java.vm.name" value="OpenJDK 64-Bit Server VM"/>
    <property name="localRepository" value="/Users/taoting/.m2/repository"/>
    <property name="java.vendor.url.bug" value="https://github.com/corretto/corretto-8/issues/"/>
    <property name="java.io.tmpdir" value="/var/folders/sh/7l5ngz9d7d3g8kq0bdzyn2hw0000gn/T/"/>
    <property name="java.version" value="1.8.0_422"/>
    <property name="user.dir" value="/Users/taoting/Documents/itheima/Restkeeper/restkeeper_service/restkeeper_shop"/>
    <property name="os.arch" value="aarch64"/>
    <property name="java.vm.specification.name" value="Java Virtual Machine Specification"/>
    <property name="java.awt.printerjob" value="sun.lwawt.macosx.CPrinterJob"/>
    <property name="sun.os.patch.level" value="unknown"/>
    <property name="java.library.path" value="/Users/taoting/Library/Java/Extensions:/Library/Java/Extensions:/Network/Library/Java/Extensions:/System/Library/Java/Extensions:/usr/lib/java:."/>
    <property name="java.vm.info" value="mixed mode"/>
    <property name="java.vendor" value="Amazon.com Inc."/>
    <property name="java.vm.version" value="25.422-b05"/>
    <property name="java.specification.maintenance.version" value="5"/>
    <property name="java.ext.dirs" value="/Users/taoting/Library/Java/Extensions:/Users/taoting/Library/Java/JavaVirtualMachines/corretto-1.8.0_422/Contents/Home/jre/lib/ext:/Library/Java/Extensions:/Network/Library/Java/Extensions:/System/Library/Java/Extensions:/usr/lib/java"/>
    <property name="sun.io.unicode.encoding" value="UnicodeBig"/>
    <property name="java.class.version" value="52.0"/>
  </properties>
  <testcase name="uploadTest" classname="com.restkeeper.shop.AzureBlobTest" time="0.88"/>
</testsuite>